[35m[1mConsolidate compiler generated dependencies of target grid_fastslam_node[0m
[ 33%] [32mBuilding CXX object CMakeFiles/grid_fastslam_node.dir/src/grid_fastslam.cpp.o[0m
[01m[K/home/admlinar/Documents/destroyer_ws/src/grid_fastslam/src/grid_fastslam.cpp:[m[K In member function â€˜[01m[Kvoid grid_fastslam::GridFastSlam::resample()[m[Kâ€™:
[01m[K/home/admlinar/Documents/destroyer_ws/src/grid_fastslam/src/grid_fastslam.cpp:392:22:[m[K [01;31m[Kerror: [m[Kâ€˜[01m[Knum_particles[m[Kâ€™ was not declared in this scope; did you mean â€˜[01m[Knum_particles_[m[Kâ€™?
  392 |         if (n_eff <= [01;31m[Knum_particles[m[K * 0.5)
      |                      [01;31m[K^~~~~~~~~~~~~[m[K
      |                      [32m[Knum_particles_[m[K
gmake[2]: *** [CMakeFiles/grid_fastslam_node.dir/build.make:76: CMakeFiles/grid_fastslam_node.dir/src/grid_fastslam.cpp.o] Error 1
gmake[1]: *** [CMakeFiles/Makefile2:137: CMakeFiles/grid_fastslam_node.dir/all] Error 2
gmake: *** [Makefile:146: all] Error 2
